<?xml version="1.0" encoding="UTF-8"?>
<!-- Generated by org.testng.reporters.JUnitReportReporter -->
<testsuite hostname="DESKTOP-PHISTI5" failures="0" tests="1" name="a2_bingTest.A1_SampleBing" time="27.863" errors="0" timestamp="2023-09-10T14:34:00 IST" skipped="0">
  <testcase classname="a2_bingTest.A1_SampleBing" name="loginBingTest" time="27.863"/>
</testsuite> <!-- a2_bingTest.A1_SampleBing -->
